<?xml version="1.0" encoding="UTF-8"?>
<!-- Generated by org.testng.reporters.JUnitReportReporter -->
<testsuite hostname="DELL-PC" failures="0" tests="4" name="api.test.UserTests2" time="5.393" errors="0" timestamp="2023-09-12T15:18:10 EDT" skipped="0">
  <testcase classname="api.test.UserTests2" name="testPostUser" time="4.294"/>
  <system-out/>
  <testcase classname="api.test.UserTests2" name="testGetUserByName" time="0.300"/>
  <system-out/>
  <testcase classname="api.test.UserTests2" name="testUpdateUserByName" time="0.530"/>
  <system-out/>
  <testcase classname="api.test.UserTests2" name="testDeleteUserByName" time="0.269"/>
  <system-out/>
</testsuite> <!-- api.test.UserTests2 -->
