<?xml version="1.0" encoding="UTF-8"?>
<!-- Generated by org.testng.reporters.JUnitReportReporter -->
<testsuite hostname="DELL-PC" failures="0" tests="6" name="api.test.DDTests" time="4.813" errors="0" timestamp="2023-09-08T14:04:55 EDT" skipped="0">
  <testcase classname="api.test.DDTests" name="testPostUser" time="3.573"/>
  <system-out/>
  <testcase classname="api.test.DDTests" name="testPostUser" time="0.233"/>
  <system-out/>
  <testcase classname="api.test.DDTests" name="testPostUser" time="0.253"/>
  <system-out/>
  <testcase classname="api.test.DDTests" name="testDeleteUserByName" time="0.219"/>
  <system-out/>
  <testcase classname="api.test.DDTests" name="testDeleteUserByName" time="0.282"/>
  <system-out/>
  <testcase classname="api.test.DDTests" name="testDeleteUserByName" time="0.253"/>
  <system-out/>
</testsuite> <!-- api.test.DDTests -->
