<?xml version="1.0" encoding="UTF-8"?>
<!-- Generated by org.testng.reporters.JUnitReportReporter -->
<testsuite hostname="DELL-PC" failures="0" tests="4" name="api.test.UserTests" time="4.750" errors="0" timestamp="2023-09-11T14:48:29 EDT" skipped="0">
  <testcase classname="api.test.UserTests" name="testPostUser" time="3.652"/>
  <system-out/>
  <testcase classname="api.test.UserTests" name="testGetUserByName" time="0.293"/>
  <system-out/>
  <testcase classname="api.test.UserTests" name="testUpdateUserByName" time="0.533"/>
  <system-out/>
  <testcase classname="api.test.UserTests" name="testDeleteUserByName" time="0.272"/>
  <system-out/>
</testsuite> <!-- api.test.UserTests -->
