<?xml version="1.0" encoding="UTF-8"?>
<!-- Generated by org.testng.reporters.JUnitReportReporter -->
<testsuite hostname="DELL-PC" failures="0" tests="4" name="api.test.UserTests2" time="6.568" errors="0" timestamp="2023-09-14T15:36:34 EDT" skipped="0">
  <testcase classname="api.test.UserTests2" name="testPostUser" time="5.348"/>
  <system-out/>
  <testcase classname="api.test.UserTests2" name="testGetUserByName" time="0.362"/>
  <system-out/>
  <testcase classname="api.test.UserTests2" name="testUpdateUserByName" time="0.585"/>
  <system-out/>
  <testcase classname="api.test.UserTests2" name="testDeleteUserByName" time="0.273"/>
  <system-out/>
</testsuite> <!-- api.test.UserTests2 -->
